<?xml version="1.0" encoding="UTF-8"?>
<!-- Generated by org.testng.reporters.JUnitXMLReporter -->
<testsuite hostname="DESKTOP-C48P2ES" ignored="0" name="Test" tests="6" failures="0" timestamp="2023-05-20T09:33:12 IST" time="150.102" errors="0">
  <testcase name="validateTitle" time="0.018" classname="com.orange.orangehrm.tests.LoginTests"/>
  <testcase name="loginTest" time="7.214" classname="com.orange.orangehrm.tests.LoginTests"/>
  <testcase name="loginTestNegative" time="6.531" classname="com.orange.orangehrm.tests.LoginTests"/>
  <testcase name="validateAdminLinkClick" time="2.825" classname="com.orange.orangehrm.tests.DashboardTests"/>
  <testcase name="validatePIMLinkClick" time="4.06" classname="com.orange.orangehrm.tests.DashboardTests"/>
  <testcase name="validateStopwatchLinkClick" time="4.671" classname="com.orange.orangehrm.tests.DashboardTests"/>
</testsuite> <!-- Test -->
