<?xml version="1.0" encoding="UTF-8"?>
<!-- Generated by org.testng.reporters.JUnitXMLReporter -->
<testsuite hostname="DESKTOP-C48P2ES" ignored="0" name="Test" tests="6" failures="0" timestamp="2023-05-23T01:43:33 IST" time="139.648" errors="0">
  <testcase name="validateTitle" time="0.029" classname="com.orange.orangehrm.tests.LoginTests"/>
  <testcase name="loginTest" time="8.461" classname="com.orange.orangehrm.tests.LoginTests"/>
  <testcase name="loginTestNegative" time="7.032" classname="com.orange.orangehrm.tests.LoginTests"/>
  <testcase name="validateAdminLinkClick" time="10.954" classname="com.orange.orangehrm.tests.DashboardTests"/>
  <testcase name="validatePIMLinkClick" time="8.368" classname="com.orange.orangehrm.tests.DashboardTests"/>
  <testcase name="validateStopwatchLinkClick" time="13.334" classname="com.orange.orangehrm.tests.DashboardTests"/>
</testsuite> <!-- Test -->
