<?xml version="1.0" encoding="UTF-8"?>
<testng-results ignored="0" total="1" passed="1" failed="0" skipped="0">
  <reporter-output>
  </reporter-output>
  <suite started-at="2023-05-25T21:27:07 CDT" name="Default suite" finished-at="2023-05-25T21:27:07 CDT" duration-ms="68">
    <groups>
    </groups>
    <test started-at="2023-05-25T21:27:07 CDT" name="Default test" finished-at="2023-05-25T21:27:07 CDT" duration-ms="68">
      <class name="com.orange.orangehrm.tests.GitTestKumar">
        <test-method signature="test1()[pri:0, instance:com.orange.orangehrm.tests.GitTestKumar@61862a7f]" started-at="2023-05-25T21:27:07 CDT" name="test1" finished-at="2023-05-25T21:27:07 CDT" duration-ms="20" status="PASS">
          <reporter-output>
          </reporter-output>
        </test-method> <!-- test1 -->
      </class> <!-- com.orange.orangehrm.tests.GitTestKumar -->
    </test> <!-- Default test -->
  </suite> <!-- Default suite -->
</testng-results>
