<?xml version="1.0" encoding="UTF-8"?>
<testng-results skipped="0" failed="0" ignored="0" total="6" passed="6">
  <reporter-output>
  </reporter-output>
  <suite name="Suite" duration-ms="139648" started-at="2023-05-23T01:41:13 IST" finished-at="2023-05-23T01:43:33 IST">
    <groups>
    </groups>
    <test name="Test" duration-ms="139648" started-at="2023-05-23T01:41:13 IST" finished-at="2023-05-23T01:43:33 IST">
      <class name="com.orange.orangehrm.tests.DashboardTests">
        <test-method status="PASS" signature="setup()[pri:0, instance:com.orange.orangehrm.tests.DashboardTests@727803de]" name="setup" is-config="true" duration-ms="15986" started-at="2023-05-23T01:42:20 IST" finished-at="2023-05-23T01:42:36 IST">
          <reporter-output>
          </reporter-output>
        </test-method> <!-- setup -->
        <test-method status="PASS" signature="validateAdminLinkClick()[pri:0, instance:com.orange.orangehrm.tests.DashboardTests@727803de]" name="validateAdminLinkClick" duration-ms="10954" started-at="2023-05-23T01:42:36 IST" finished-at="2023-05-23T01:42:47 IST">
          <reporter-output>
          </reporter-output>
        </test-method> <!-- validateAdminLinkClick -->
        <test-method status="PASS" signature="tearDown()[pri:0, instance:com.orange.orangehrm.tests.DashboardTests@727803de]" name="tearDown" is-config="true" duration-ms="2247" started-at="2023-05-23T01:42:47 IST" finished-at="2023-05-23T01:42:49 IST">
          <reporter-output>
          </reporter-output>
        </test-method> <!-- tearDown -->
        <test-method status="PASS" signature="setup()[pri:0, instance:com.orange.orangehrm.tests.DashboardTests@727803de]" name="setup" is-config="true" duration-ms="10819" started-at="2023-05-23T01:42:49 IST" finished-at="2023-05-23T01:43:00 IST">
          <reporter-output>
          </reporter-output>
        </test-method> <!-- setup -->
        <test-method status="PASS" signature="validatePIMLinkClick()[pri:0, instance:com.orange.orangehrm.tests.DashboardTests@727803de]" name="validatePIMLinkClick" duration-ms="8368" started-at="2023-05-23T01:43:00 IST" finished-at="2023-05-23T01:43:08 IST">
          <reporter-output>
          </reporter-output>
        </test-method> <!-- validatePIMLinkClick -->
        <test-method status="PASS" signature="tearDown()[pri:0, instance:com.orange.orangehrm.tests.DashboardTests@727803de]" name="tearDown" is-config="true" duration-ms="656" started-at="2023-05-23T01:43:08 IST" finished-at="2023-05-23T01:43:09 IST">
          <reporter-output>
          </reporter-output>
        </test-method> <!-- tearDown -->
        <test-method status="PASS" signature="setup()[pri:0, instance:com.orange.orangehrm.tests.DashboardTests@727803de]" name="setup" is-config="true" duration-ms="10047" started-at="2023-05-23T01:43:09 IST" finished-at="2023-05-23T01:43:19 IST">
          <reporter-output>
          </reporter-output>
        </test-method> <!-- setup -->
        <test-method status="PASS" signature="validateStopwatchLinkClick()[pri:0, instance:com.orange.orangehrm.tests.DashboardTests@727803de]" name="validateStopwatchLinkClick" duration-ms="13334" started-at="2023-05-23T01:43:19 IST" finished-at="2023-05-23T01:43:32 IST">
          <reporter-output>
          </reporter-output>
        </test-method> <!-- validateStopwatchLinkClick -->
        <test-method status="PASS" signature="tearDown()[pri:0, instance:com.orange.orangehrm.tests.DashboardTests@727803de]" name="tearDown" is-config="true" duration-ms="650" started-at="2023-05-23T01:43:32 IST" finished-at="2023-05-23T01:43:33 IST">
          <reporter-output>
          </reporter-output>
        </test-method> <!-- tearDown -->
      </class> <!-- com.orange.orangehrm.tests.DashboardTests -->
      <class name="com.orange.orangehrm.tests.LoginTests">
        <test-method status="PASS" signature="setup()[pri:0, instance:com.orange.orangehrm.tests.LoginTests@2a70a3d8]" name="setup" is-config="true" duration-ms="25271" started-at="2023-05-23T01:41:13 IST" finished-at="2023-05-23T01:41:39 IST">
          <reporter-output>
          </reporter-output>
        </test-method> <!-- setup -->
        <test-method status="PASS" signature="validateTitle()[pri:1, instance:com.orange.orangehrm.tests.LoginTests@2a70a3d8]" name="validateTitle" duration-ms="29" started-at="2023-05-23T01:41:39 IST" finished-at="2023-05-23T01:41:39 IST">
          <reporter-output>
          </reporter-output>
        </test-method> <!-- validateTitle -->
        <test-method status="PASS" signature="tearDown()[pri:0, instance:com.orange.orangehrm.tests.LoginTests@2a70a3d8]" name="tearDown" is-config="true" duration-ms="837" started-at="2023-05-23T01:41:39 IST" finished-at="2023-05-23T01:41:40 IST">
          <reporter-output>
          </reporter-output>
        </test-method> <!-- tearDown -->
        <test-method status="PASS" signature="setup()[pri:0, instance:com.orange.orangehrm.tests.LoginTests@2a70a3d8]" name="setup" is-config="true" duration-ms="10175" started-at="2023-05-23T01:41:40 IST" finished-at="2023-05-23T01:41:50 IST">
          <reporter-output>
          </reporter-output>
        </test-method> <!-- setup -->
        <test-method status="PASS" signature="loginTest()[pri:2, instance:com.orange.orangehrm.tests.LoginTests@2a70a3d8]" name="loginTest" duration-ms="8461" started-at="2023-05-23T01:41:50 IST" finished-at="2023-05-23T01:41:58 IST">
          <reporter-output>
          </reporter-output>
        </test-method> <!-- loginTest -->
        <test-method status="PASS" signature="tearDown()[pri:0, instance:com.orange.orangehrm.tests.LoginTests@2a70a3d8]" name="tearDown" is-config="true" duration-ms="4272" started-at="2023-05-23T01:41:58 IST" finished-at="2023-05-23T01:42:02 IST">
          <reporter-output>
          </reporter-output>
        </test-method> <!-- tearDown -->
        <test-method status="PASS" signature="setup()[pri:0, instance:com.orange.orangehrm.tests.LoginTests@2a70a3d8]" name="setup" is-config="true" duration-ms="8340" started-at="2023-05-23T01:42:02 IST" finished-at="2023-05-23T01:42:11 IST">
          <reporter-output>
          </reporter-output>
        </test-method> <!-- setup -->
        <test-method status="PASS" signature="loginTestNegative()[pri:3, instance:com.orange.orangehrm.tests.LoginTests@2a70a3d8]" name="loginTestNegative" duration-ms="7032" started-at="2023-05-23T01:42:11 IST" finished-at="2023-05-23T01:42:18 IST">
          <reporter-output>
          </reporter-output>
        </test-method> <!-- loginTestNegative -->
        <test-method status="PASS" signature="tearDown()[pri:0, instance:com.orange.orangehrm.tests.LoginTests@2a70a3d8]" name="tearDown" is-config="true" duration-ms="2098" started-at="2023-05-23T01:42:18 IST" finished-at="2023-05-23T01:42:20 IST">
          <reporter-output>
          </reporter-output>
        </test-method> <!-- tearDown -->
      </class> <!-- com.orange.orangehrm.tests.LoginTests -->
    </test> <!-- Test -->
  </suite> <!-- Suite -->
</testng-results>
